TN:
SF:script/DeployLootGovernance.s.sol
FN:14,DeployLootGovernance.run
FNDA:0,DeployLootGovernance.run
DA:15,0
DA:16,0
DA:18,0
DA:21,0
DA:22,0
DA:23,0
DA:24,0
DA:32,0
DA:35,0
DA:45,0
DA:50,0
DA:53,0
DA:54,0
DA:55,0
DA:57,0
DA:58,0
DA:59,0
DA:61,0
DA:62,0
DA:63,0
DA:65,0
FNF:1
FNH:0
LF:21
LH:0
BRF:0
BRH:0
end_of_record
TN:
SF:src/LootGovernor.sol
FN:16,LootTimelock.
FNDA:28,LootTimelock.
DA:17,21
FN:20,LootTimelock.initialize
FNDA:8,LootTimelock.initialize
DA:26,8
FN:44,LootGovernor.
FNDA:5,LootGovernor.
DA:45,3
FN:48,LootGovernor.initialize
FNDA:8,LootGovernor.initialize
DA:55,8
DA:56,8
DA:61,8
DA:62,8
DA:63,8
DA:64,8
DA:66,8
FN:69,LootGovernor.clock
FNDA:0,LootGovernor.clock
DA:70,8
FN:73,LootGovernor.CLOCK_MODE
FNDA:0,LootGovernor.CLOCK_MODE
DA:74,0
FN:77,LootGovernor.votingDelay
FNDA:4,LootGovernor.votingDelay
DA:83,6
FN:86,LootGovernor.votingPeriod
FNDA:4,LootGovernor.votingPeriod
DA:92,6
FN:95,LootGovernor.quorum
FNDA:3,LootGovernor.quorum
DA:101,5
FN:104,LootGovernor.state
FNDA:2,LootGovernor.state
DA:110,5
FN:113,LootGovernor.proposalThreshold
FNDA:2,LootGovernor.proposalThreshold
DA:119,4
FN:122,LootGovernor._getVotes
FNDA:4,LootGovernor._getVotes
DA:127,4
FN:130,LootGovernor.proposalNeedsQueuing
FNDA:0,LootGovernor.proposalNeedsQueuing
DA:137,0
FN:140,LootGovernor._queueOperations
FNDA:1,LootGovernor._queueOperations
DA:147,1
FN:150,LootGovernor._executeOperations
FNDA:1,LootGovernor._executeOperations
DA:157,1
FN:160,LootGovernor._cancel
FNDA:0,LootGovernor._cancel
DA:166,0
FN:169,LootGovernor._executor
FNDA:2,LootGovernor._executor
DA:176,2
FN:179,LootGovernor._authorizeUpgrade
FNDA:1,LootGovernor._authorizeUpgrade
FN:185,LootGovernor.supportsInterface
FNDA:0,LootGovernor.supportsInterface
DA:192,0
FNF:19
FNH:14
LF:24
LH:20
BRF:0
BRH:0
end_of_record
